<?xml version="1.0" encoding="UTF-8"?>
<testsuite xmlns:xsi="http://www.w3.org/2001/XMLSchema-instance" xsi:noNamespaceSchemaLocation="https://maven.apache.org/surefire/maven-surefire-plugin/xsd/surefire-test-report-3.0.xsd" version="3.0" name="br.alisson.nexfartest.NexfarTestApplicationTests" time="1.094" tests="1" errors="0" skipped="0" failures="0">
  <properties>
[...]
</properties>
  <testcase name="contextLoads" classname="br.alisson.nexfartest.NexfarTestApplicationTests" time="0.516">
    <system-out><![CDATA[20:16:55.593 [main] INFO org.springframework.test.context.support.AnnotationConfigContextLoaderUtils -- Could not detect default configuration classes for test class [br.alisson.nexfartest.NexfarTestApplicationTests]: NexfarTestApplicationTests does not declare any static, non-private, non-final, nested classes annotated with @Configuration.
20:16:55.642 [main] INFO org.springframework.boot.test.context.SpringBootTestContextBootstrapper -- Found @SpringBootConfiguration br.alisson.nexfartest.NexfarTestApplication for test class br.alisson.nexfartest.NexfarTestApplicationTests

  .   ____          _            __ _ _
 /\\ / ___'_ __ _ _(_)_ __  __ _ \ \ \ \
( ( )\___ | '_ | '_| | '_ \/ _` | \ \ \ \
 \\/  ___)| |_)| | | | | || (_| |  ) ) ) )
  '  |____| .__|_| |_|_| |_\__, | / / / /
 =========|_|==============|___/=/_/_/_/
 :: Spring Boot ::                (v3.2.5)

2024-04-26T20:16:55.832-03:00  INFO 7634 --- [nexfar-test] [           main] b.a.n.NexfarTestApplicationTests         : Starting NexfarTestApplicationTests using Java 17.0.6 with PID 7634 (started by alisson in /Users/alisson/Documents/nexfar-test)
2024-04-26T20:16:55.833-03:00  INFO 7634 --- [nexfar-test] [           main] b.a.n.NexfarTestApplicationTests         : No active profile set, falling back to 1 default profile: "default"
2024-04-26T20:16:56.071-03:00  INFO 7634 --- [nexfar-test] [           main] b.a.n.NexfarTestApplicationTests         : Started NexfarTestApplicationTests in 0.357 seconds (process running for 0.853)
]]></system-out>
  </testcase>
</testsuite>